AAAATATGGT
AAATTATGGT
AAAGTATGGT
AAACAATGGT
AAACTAAGGT
AAACTATAGT
AAACTATTGT
AAACTATGAT
AAACTATGTT
AAACTATGGA
AAACTATGGT
AAACTATGGG
AAACTATGGC
AAACTATGCT
AAACTATCGT
AAACTAGGGT
AAACTACGGT
AAACTTTGGT
AAACTGTGGT
AAACTCTGGT
AAACGATGGT
AAACCATGGT
AATCTATGGT
AAGCTATGGT
AACCTATGGT
ATAATATGGT
ATATTATGGT
ATAGTATGGT
ATACAATGGT
ATACTAAGGT
ATACTATAGT
ATACTATTGT
ATACTATGAT
ATACTATGTT
ATACTATGGA
ATACTATGGT
ATACTATGGG
ATACTATGGC
ATACTATGCT
ATACTATCGT
ATACTAGGGT
ATACTACGGT
ATACTTTGGT
ATACTGTGGT
ATACTCTGGT
ATACGATGGT
ATACCATGGT
ATTCTATGGT
ATGCTATGGT
ATCCTATGGT
AGAATATGGT
AGATTATGGT
AGAGTATGGT
AGACAATGGT
AGACTAAGGT
AGACTATAGT
AGACTATTGT
AGACTATGAT
AGACTATGTT
AGACTATGGA
AGACTATGGT
AGACTATGGG
AGACTATGGC
AGACTATGCT
AGACTATCGT
AGACTAGGGT
AGACTACGGT
AGACTTTGGT
AGACTGTGGT
AGACTCTGGT
AGACGATGGT
AGACCATGGT
AGTCTATGGT
AGGCTATGGT
AGCCTATGGT
ACAAAATGGT
ACAATAAGGT
ACAATATAGT
ACAATATTGT
ACAATATGAT
ACAATATGTT
ACAATATGGA
ACAATATGGT
ACAATATGGG
ACAATATGGC
ACAATATGCT
ACAATATCGT
ACAATAGGGT
ACAATACGGT
ACAATTTGGT
ACAATGTGGT
ACAATCTGGT
ACAAGATGGT
ACAACATGGT
ACATAATGGT
ACATTAAGGT
ACATTATAGT
ACATTATTGT
ACATTATGAT
ACATTATGTT
ACATTATGGA
ACATTATGGT
ACATTATGGG
ACATTATGGC
ACATTATGCT
ACATTATCGT
ACATTAGGGT
ACATTACGGT
ACATTTTGGT
ACATTGTGGT
ACATTCTGGT
ACATGATGGT
ACATCATGGT
ACAGAATGGT
ACAGTAAGGT
ACAGTATAGT
ACAGTATTGT
ACAGTATGAT
ACAGTATGTT
ACAGTATGGA
ACAGTATGGT
ACAGTATGGG
ACAGTATGGC
ACAGTATGCT
ACAGTATCGT
ACAGTAGGGT
ACAGTACGGT
ACAGTTTGGT
ACAGTGTGGT
ACAGTCTGGT
ACAGGATGGT
ACAGCATGGT
ACACAAAGGT
ACACAATAGT
ACACAATTGT
ACACAATGAT
ACACAATGTT
ACACAATGGA
ACACAATGGT
ACACAATGGG
ACACAATGGC
ACACAATGCT
ACACAATCGT
ACACAAGGGT
ACACAACGGT
ACACATTGGT
ACACAGTGGT
ACACACTGGT
ACACTAAAGT
ACACTAATGT
ACACTAAGAT
ACACTAAGTT
ACACTAAGGA
ACACTAAGGT
ACACTAAGGG
ACACTAAGGC
ACACTAAGCT
ACACTAACGT
ACACTATAAT
ACACTATATT
ACACTATAGA
ACACTATAGT
ACACTATAGG
ACACTATAGC
ACACTATACT
ACACTATTAT
ACACTATTTT
ACACTATTGA
ACACTATTGT
ACACTATTGG
ACACTATTGC
ACACTATTCT
ACACTATGAA
ACACTATGAT
ACACTATGAG
ACACTATGAC
ACACTATGTA
ACACTATGTT
ACACTATGTG
ACACTATGTC
ACACTATGGA
ACACTATGGT
ACACTATGGG
ACACTATGGC
ACACTATGCA
ACACTATGCT
ACACTATGCG
ACACTATGCC
ACACTATCAT
ACACTATCTT
ACACTATCGA
ACACTATCGT
ACACTATCGG
ACACTATCGC
ACACTATCCT
ACACTAGAGT
ACACTAGTGT
ACACTAGGAT
ACACTAGGTT
ACACTAGGGA
ACACTAGGGT
ACACTAGGGG
ACACTAGGGC
ACACTAGGCT
ACACTAGCGT
ACACTACAGT
ACACTACTGT
ACACTACGAT
ACACTACGTT
ACACTACGGA
ACACTACGGT
ACACTACGGG
ACACTACGGC
ACACTACGCT
ACACTACCGT
ACACTTAGGT
ACACTTTAGT
ACACTTTTGT
ACACTTTGAT
ACACTTTGTT
ACACTTTGGA
ACACTTTGGT
ACACTTTGGG
ACACTTTGGC
ACACTTTGCT
ACACTTTCGT
ACACTTGGGT
ACACTTCGGT
ACACTGAGGT
ACACTGTAGT
ACACTGTTGT
ACACTGTGAT
ACACTGTGTT
ACACTGTGGA
ACACTGTGGT
ACACTGTGGG
ACACTGTGGC
ACACTGTGCT
ACACTGTCGT
ACACTGGGGT
ACACTGCGGT
ACACTCAGGT
ACACTCTAGT
ACACTCTTGT
ACACTCTGAT
ACACTCTGTT
ACACTCTGGA
ACACTCTGGT
ACACTCTGGG
ACACTCTGGC
ACACTCTGCT
ACACTCTCGT
ACACTCGGGT
ACACTCCGGT
ACACGAAGGT
ACACGATAGT
ACACGATTGT
ACACGATGAT
ACACGATGTT
ACACGATGGA
ACACGATGGT
ACACGATGGG
ACACGATGGC
ACACGATGCT
ACACGATCGT
ACACGAGGGT
ACACGACGGT
ACACGTTGGT
ACACGGTGGT
ACACGCTGGT
ACACCAAGGT
ACACCATAGT
ACACCATTGT
ACACCATGAT
ACACCATGTT
ACACCATGGA
ACACCATGGT
ACACCATGGG
ACACCATGGC
ACACCATGCT
ACACCATCGT
ACACCAGGGT
ACACCACGGT
ACACCTTGGT
ACACCGTGGT
ACACCCTGGT
ACTATATGGT
ACTTTATGGT
ACTGTATGGT
ACTCAATGGT
ACTCTAAGGT
ACTCTATAGT
ACTCTATTGT
ACTCTATGAT
ACTCTATGTT
ACTCTATGGA
ACTCTATGGT
ACTCTATGGG
ACTCTATGGC
ACTCTATGCT
ACTCTATCGT
ACTCTAGGGT
ACTCTACGGT
ACTCTTTGGT
ACTCTGTGGT
ACTCTCTGGT
ACTCGATGGT
ACTCCATGGT
ACGATATGGT
ACGTTATGGT
ACGGTATGGT
ACGCAATGGT
ACGCTAAGGT
ACGCTATAGT
ACGCTATTGT
ACGCTATGAT
ACGCTATGTT
ACGCTATGGA
ACGCTATGGT
ACGCTATGGG
ACGCTATGGC
ACGCTATGCT
ACGCTATCGT
ACGCTAGGGT
ACGCTACGGT
ACGCTTTGGT
ACGCTGTGGT
ACGCTCTGGT
ACGCGATGGT
ACGCCATGGT
ACCATATGGT
ACCTTATGGT
ACCGTATGGT
ACCCAATGGT
ACCCTAAGGT
ACCCTATAGT
ACCCTATTGT
ACCCTATGAT
ACCCTATGTT
ACCCTATGGA
ACCCTATGGT
ACCCTATGGG
ACCCTATGGC
ACCCTATGCT
ACCCTATCGT
ACCCTAGGGT
ACCCTACGGT
ACCCTTTGGT
ACCCTGTGGT
ACCCTCTGGT
ACCCGATGGT
ACCCCATGGT
TAACTATGGT
TTACTATGGT
TGACTATGGT
TCAATATGGT
TCATTATGGT
TCAGTATGGT
TCACAATGGT
TCACTAAGGT
TCACTATAGT
TCACTATTGT
TCACTATGAT
TCACTATGTT
TCACTATGGA
TCACTATGGT
TCACTATGGG
TCACTATGGC
TCACTATGCT
TCACTATCGT
TCACTAGGGT
TCACTACGGT
TCACTTTGGT
TCACTGTGGT
TCACTCTGGT
TCACGATGGT
TCACCATGGT
TCTCTATGGT
TCGCTATGGT
TCCCTATGGT
GAACTATGGT
GTACTATGGT
GGACTATGGT
GCAATATGGT
GCATTATGGT
GCAGTATGGT
GCACAATGGT
GCACTAAGGT
GCACTATAGT
GCACTATTGT
GCACTATGAT
GCACTATGTT
GCACTATGGA
GCACTATGGT
GCACTATGGG
GCACTATGGC
GCACTATGCT
GCACTATCGT
GCACTAGGGT
GCACTACGGT
GCACTTTGGT
GCACTGTGGT
GCACTCTGGT
GCACGATGGT
GCACCATGGT
GCTCTATGGT
GCGCTATGGT
GCCCTATGGT
CAACTATGGT
CTACTATGGT
CGACTATGGT
CCAATATGGT
CCATTATGGT
CCAGTATGGT
CCACAATGGT
CCACTAAGGT
CCACTATAGT
CCACTATTGT
CCACTATGAT
CCACTATGTT
CCACTATGGA
CCACTATGGT
CCACTATGGG
CCACTATGGC
CCACTATGCT
CCACTATCGT
CCACTAGGGT
CCACTACGGT
CCACTTTGGT
CCACTGTGGT
CCACTCTGGT
CCACGATGGT
CCACCATGGT
CCTCTATGGT
CCGCTATGGT
CCCCTATGGT
